<?xml version="1.0" encoding="UTF-8"?>
<testsuite name="WeaponTest" tests="2" skipped="0" failures="0" errors="0" timestamp="2015-12-07T08:23:25" hostname="Miss-Lu-MBP.lan" time="0.0">
  <properties/>
  <testcase name="when_use_weapon_return_string" classname="WeaponTest" time="0.0"/>
  <testcase name="when_use_weapon_damage" classname="WeaponTest" time="0.0"/>
  <system-out><![CDATA[]]></system-out>
  <system-err><![CDATA[]]></system-err>
</testsuite>
