<?xml version="1.0" encoding="UTF-8"?>
<testsuite name="SoldierTest" tests="5" skipped="0" failures="0" errors="0" timestamp="2015-12-07T08:23:25" hostname="Miss-Lu-MBP.lan" time="0.002">
  <properties/>
  <testcase name="should_damage_not_change_after_soldier_wear_armor" classname="SoldierTest" time="0.0"/>
  <testcase name="should_soldier_beat_player_with_weapon_without_armor" classname="SoldierTest" time="0.0"/>
  <testcase name="should_soldier_defence_player_with_armor" classname="SoldierTest" time="0.001"/>
  <testcase name="should_damage_increase_after_soldier_wear_weapon" classname="SoldierTest" time="0.0"/>
  <testcase name="should_soldier_beat_player_without_weapon_and_armor" classname="SoldierTest" time="0.0"/>
  <system-out><![CDATA[]]></system-out>
  <system-err><![CDATA[]]></system-err>
</testsuite>
