<?xml version="1.0" encoding="UTF-8"?>
<testsuite name="entityTest.weaponTest.armorTest.ArmorTest" tests="2" skipped="0" failures="0" errors="0" timestamp="2015-12-07T08:23:26" hostname="Miss-Lu-MBP.lan" time="0.0">
  <properties/>
  <testcase name="when_use_armor_defence_damage" classname="entityTest.weaponTest.armorTest.ArmorTest" time="0.0"/>
  <testcase name="when_use_armor_return_string" classname="entityTest.weaponTest.armorTest.ArmorTest" time="0.0"/>
  <system-out><![CDATA[]]></system-out>
  <system-err><![CDATA[]]></system-err>
</testsuite>
