<?xml version="1.0" encoding="UTF-8"?>
<testsuite name="ArmorTest" tests="2" skipped="0" failures="0" errors="0" timestamp="2015-12-07T08:23:25" hostname="Miss-Lu-MBP.lan" time="0.005">
  <properties/>
  <testcase name="when_use_armor_defence_damage" classname="ArmorTest" time="0.004"/>
  <testcase name="when_use_armor_return_string" classname="ArmorTest" time="0.001"/>
  <system-out><![CDATA[]]></system-out>
  <system-err><![CDATA[]]></system-err>
</testsuite>
