<?xml version="1.0" encoding="UTF-8"?>
<testsuite name="entityTest.weaponTest.featureTest.FeatureTest" tests="7" skipped="0" failures="0" errors="0" timestamp="2015-12-07T08:23:26" hostname="Miss-Lu-MBP.lan" time="0.007">
  <properties/>
  <testcase name="should_get_name_return_empty_string" classname="entityTest.weaponTest.featureTest.FeatureTest" time="0.0"/>
  <testcase name="should_last_attack_count_equal_to_0" classname="entityTest.weaponTest.featureTest.FeatureTest" time="0.0"/>
  <testcase name="should_last_attack_count_increase_while_last_time_use_feature" classname="entityTest.weaponTest.featureTest.FeatureTest" time="0.001"/>
  <testcase name="should_damage_type_equal_to_default" classname="entityTest.weaponTest.featureTest.FeatureTest" time="0.001"/>
  <testcase name="test_feature_effect" classname="entityTest.weaponTest.featureTest.FeatureTest" time="0.0"/>
  <testcase name="should_feature_type_equal_to_default" classname="entityTest.weaponTest.featureTest.FeatureTest" time="0.0"/>
  <testcase name="should_last_attack_count_decrease_while_last_time_not_use_feature" classname="entityTest.weaponTest.featureTest.FeatureTest" time="0.0"/>
  <system-out><![CDATA[]]></system-out>
  <system-err><![CDATA[]]></system-err>
</testsuite>
