<?xml version="1.0" encoding="UTF-8"?>
<testsuite name="gameTest.PlayGameTest" tests="4" skipped="0" failures="0" errors="0" timestamp="2015-12-07T08:23:26" hostname="Miss-Lu-MBP.lan" time="0.019">
  <properties/>
  <testcase name="should_play_game_victim_lose_when_attacker_is_powerful" classname="gameTest.PlayGameTest" time="0.002"/>
  <testcase name="should_play_game_soldier_win_when_soldier_use_weapon_wit_poison_feature" classname="gameTest.PlayGameTest" time="0.004"/>
  <testcase name="should_play_game_victim_win_when_attacker_is_not_powerful" classname="gameTest.PlayGameTest" time="0.003"/>
  <testcase name="should_play_game_soldier_win_when_soldier_use_weapon_without_feature" classname="gameTest.PlayGameTest" time="0.005"/>
  <system-out><![CDATA[]]></system-out>
  <system-err><![CDATA[]]></system-err>
</testsuite>
