<?xml version="1.0" encoding="UTF-8"?>
<testsuite name="utilTest.ConsoleLogTest" tests="2" skipped="0" failures="0" errors="0" timestamp="2015-12-07T08:23:26" hostname="Miss-Lu-MBP.lan" time="0.001">
  <properties/>
  <testcase name="should_console_log_sepecial_characters" classname="utilTest.ConsoleLogTest" time="0.001"/>
  <testcase name="should_console_log_string_i_want" classname="utilTest.ConsoleLogTest" time="0.0"/>
  <system-out><![CDATA[]]></system-out>
  <system-err><![CDATA[]]></system-err>
</testsuite>
