<?xml version="1.0" encoding="UTF-8"?>
<testsuite name="ArmorTest" tests="2" skipped="0" failures="0" errors="0" timestamp="2015-11-30T08:16:45" hostname="Miss-Lu-MBP.lan" time="0.004">
  <properties/>
  <testcase name="when_use_armor_defence_damage" classname="ArmorTest" time="0.003"/>
  <testcase name="when_use_armor_return_string" classname="ArmorTest" time="0.0"/>
  <system-out><![CDATA[]]></system-out>
  <system-err><![CDATA[]]></system-err>
</testsuite>
